Using pre-set license
Built from '2020.3/release' branch; Version is '2020.3.7f1 (dd97f2c94397) revision 14522354'; Using compiler version '192528614'; Build Type 'Release'
OS: 'Windows 10 Home; OS build 19043.1081; Version 2009; 64bit' Language: 'en' Physical Memory: 3500 MB
BatchMode: 1, IsHumanControllingUs: 0, StartBugReporterOnCrash: 0, Is64bit: 1, IsPro: 0

 COMMAND LINE ARGUMENTS:
C:\Users\Brayden\Desktop\My Coding\My Unity Projects\UnityInstall\UnityEditor\2020.3.7f1\Editor\Unity.exe
-adb2
-batchMode
-noUpm
-name
AssetImportWorker0
-projectPath
C:/UnityProjects/FlappyYird
-logFile
Logs/AssetImportWorker0.log
-srvPort
52721
Successfully changed project path to: C:/UnityProjects/FlappyYird
C:/UnityProjects/FlappyYird
Using Asset Import Pipeline V2.
Refreshing native plugins compatible for Editor in 88.42 ms, found 1 plugins.
Preloading 0 native plugins for Editor in 0.00 ms.
Initialize engine version: 2020.3.7f1 (dd97f2c94397)
[Subsystems] Discovering subsystems at path C:/Users/Brayden/Desktop/My Coding/My Unity Projects/UnityInstall/UnityEditor/2020.3.7f1/Editor/Data/Resources/UnitySubsystems
[Subsystems] Discovering subsystems at path C:/UnityProjects/FlappyYird/Assets
GfxDevice: creating device client; threaded=0
Direct3D:
    Version:  Direct3D 11.0 [level 11.1]
    Renderer: AMD Radeon(TM) Graphics (ID=0x15d8)
    Vendor:   
    VRAM:     1750 MB
    Driver:   27.20.15002.118
Initialize mono
Mono path[0] = 'C:/Users/Brayden/Desktop/My Coding/My Unity Projects/UnityInstall/UnityEditor/2020.3.7f1/Editor/Data/Managed'
Mono path[1] = 'C:/Users/Brayden/Desktop/My Coding/My Unity Projects/UnityInstall/UnityEditor/2020.3.7f1/Editor/Data/MonoBleedingEdge/lib/mono/unityjit'
Mono config path = 'C:/Users/Brayden/Desktop/My Coding/My Unity Projects/UnityInstall/UnityEditor/2020.3.7f1/Editor/Data/MonoBleedingEdge/etc'
Using monoOptions --debugger-agent=transport=dt_socket,embedding=1,server=y,suspend=n,address=127.0.0.1:56412
Begin MonoManager ReloadAssembly
Registering precompiled unity dll's ...
Register platform support module: C:/Users/Brayden/Desktop/My Coding/My Unity Projects/UnityInstall/UnityEditor/2020.3.7f1/Editor/Data/PlaybackEngines/WebGLSupport/UnityEditor.WebGL.Extensions.dll
Register platform support module: C:/Users/Brayden/Desktop/My Coding/My Unity Projects/UnityInstall/UnityEditor/2020.3.7f1/Editor/Data/PlaybackEngines/WindowsStandaloneSupport/UnityEditor.WindowsStandalone.Extensions.dll
Registered in 0.009715 seconds.
Native extension for WindowsStandalone target not found
Native extension for WebGL target not found
Refreshing native plugins compatible for Editor in 124.05 ms, found 1 plugins.
Preloading 0 native plugins for Editor in 0.00 ms.
Mono: successfully reloaded assembly
- Completed reload, in  4.910 seconds
Platform modules already initialized, skipping
Registering precompiled user dll's ...
Registered in 0.152659 seconds.
Begin MonoManager ReloadAssembly
Native extension for WindowsStandalone target not found
Native extension for WebGL target not found
Refreshing native plugins compatible for Editor in 177.61 ms, found 1 plugins.
Preloading 0 native plugins for Editor in 0.00 ms.
Mono: successfully reloaded assembly
- Completed reload, in  2.967 seconds
Platform modules already initialized, skipping
========================================================================
Worker process is ready to serve import requests
Launched and connected shader compiler UnityShaderCompiler.exe after 0.56 seconds
Refreshing native plugins compatible for Editor in 1.29 ms, found 1 plugins.
Preloading 0 native plugins for Editor in 0.00 ms.
Unloading 2042 Unused Serialized files (Serialized files now loaded: 0)
System memory in use before: 98.6 MB.
System memory in use after: 98.5 MB.

Unloading 30 unused Assets to reduce memory usage. Loaded Objects now: 2493.
Total: 6.367700 ms (FindLiveObjects: 0.717400 ms CreateObjectMapping: 0.217200 ms MarkObjects: 5.050100 ms  DeleteObjects: 0.378700 ms)

========================================================================
Received Import Request.
  path: Assets/Photon/PhotonUnityNetworking/Demos/Shared Assets/Skin/DropDown Arrow.png
  artifactKey: Guid(936345f7fc3934efa8119a8700d904c7) Importer(815301076,1909f56bfc062723c751e8b465ee728b)
Start importing Assets/Photon/PhotonUnityNetworking/Demos/Shared Assets/Skin/DropDown Arrow.png using Guid(936345f7fc3934efa8119a8700d904c7) Importer(815301076,1909f56bfc062723c751e8b465ee728b)  -> (artifact id: '503c33578fef03e23e24840680cb49ed') in 0.311389 seconds
  Import took 0.318071 seconds .

========================================================================
Received Import Request.
  Time since last request: 0.001070 seconds.
  path: Assets/Photon/PhotonUnityNetworking/Demos/Shared Assets/Skin/DropDown CheckMark.png
  artifactKey: Guid(fd47c8b4ebfbd4339858d4d23f587519) Importer(815301076,1909f56bfc062723c751e8b465ee728b)
Start importing Assets/Photon/PhotonUnityNetworking/Demos/Shared Assets/Skin/DropDown CheckMark.png using Guid(fd47c8b4ebfbd4339858d4d23f587519) Importer(815301076,1909f56bfc062723c751e8b465ee728b)  -> (artifact id: 'd31c2e395c7a0737b129147c5238dbeb') in 0.032245 seconds
  Import took 0.041925 seconds .

========================================================================
Received Import Request.
  Time since last request: 0.000285 seconds.
  path: Assets/Photon/PhotonUnityNetworking/Demos/DemoHub/Sprites/Gradient.png
  artifactKey: Guid(66efb24ed46044ab8a039599cbc47d7b) Importer(815301076,1909f56bfc062723c751e8b465ee728b)
Start importing Assets/Photon/PhotonUnityNetworking/Demos/DemoHub/Sprites/Gradient.png using Guid(66efb24ed46044ab8a039599cbc47d7b) Importer(815301076,1909f56bfc062723c751e8b465ee728b)  -> (artifact id: '1743e3042332298c36410a232c84336b') in 0.041742 seconds
  Import took 0.048909 seconds .

========================================================================
Received Import Request.
  Time since last request: 30.948064 seconds.
  path: Assets/Photon/PhotonUnityNetworking/Demos/DemoSlotRacer/Kenney Assets/Stylized city/Materials/11 - Default.mat
  artifactKey: Guid(b7d67d7d7ddb88542b23886a4b496c77) Importer(815301076,1909f56bfc062723c751e8b465ee728b)
Start importing Assets/Photon/PhotonUnityNetworking/Demos/DemoSlotRacer/Kenney Assets/Stylized city/Materials/11 - Default.mat using Guid(b7d67d7d7ddb88542b23886a4b496c77) Importer(815301076,1909f56bfc062723c751e8b465ee728b)  -> (artifact id: '7454a5891da0a2f3ef0fec9432340820') in 0.099245 seconds
  Import took 0.104354 seconds .

========================================================================
Received Import Request.
  Time since last request: 0.000298 seconds.
  path: Assets/Photon/PhotonUnityNetworking/Demos/DemoSlotRacer/Kenney Assets/Racing Kit/Models/Materials/_defaultMat.mat
  artifactKey: Guid(f0a6a86e908f6204ab518387a784ed36) Importer(815301076,1909f56bfc062723c751e8b465ee728b)
Start importing Assets/Photon/PhotonUnityNetworking/Demos/DemoSlotRacer/Kenney Assets/Racing Kit/Models/Materials/_defaultMat.mat using Guid(f0a6a86e908f6204ab518387a784ed36) Importer(815301076,1909f56bfc062723c751e8b465ee728b)  -> (artifact id: 'a65768c88313f5542416877af5c22719') in 0.035653 seconds
  Import took 0.041540 seconds .

========================================================================
Received Import Request.
  Time since last request: 0.000294 seconds.
  path: Assets/Photon/PhotonUnityNetworking/Demos/DemoSlotRacer/Kenney Assets/Stylized city/Materials/11 - Default.mat
  artifactKey: Guid(b7d67d7d7ddb88542b23886a4b496c77) Importer(815301076,1909f56bfc062723c751e8b465ee728b)
Start importing Assets/Photon/PhotonUnityNetworking/Demos/DemoSlotRacer/Kenney Assets/Stylized city/Materials/11 - Default.mat using Guid(b7d67d7d7ddb88542b23886a4b496c77) Importer(815301076,1909f56bfc062723c751e8b465ee728b)  -> (artifact id: '7454a5891da0a2f3ef0fec9432340820') in 0.020459 seconds
  Import took 0.025586 seconds .

========================================================================
Received Import Request.
  Time since last request: 0.000290 seconds.
  path: Assets/Photon/PhotonUnityNetworking/Demos/DemoSlotRacer/Kenney Assets/Stylized city/Materials/13 - Default22662.mat
  artifactKey: Guid(7d91274cc4a876a439f75445704f421b) Importer(815301076,1909f56bfc062723c751e8b465ee728b)
Start importing Assets/Photon/PhotonUnityNetworking/Demos/DemoSlotRacer/Kenney Assets/Stylized city/Materials/13 - Default22662.mat using Guid(7d91274cc4a876a439f75445704f421b) Importer(815301076,1909f56bfc062723c751e8b465ee728b)  -> (artifact id: 'edcb12fb97ecff9258d1cbcfffcb6801') in 0.027525 seconds
  Import took 0.032337 seconds .

========================================================================
Received Import Request.
  Time since last request: 0.000292 seconds.
  path: Assets/Photon/PhotonUnityNetworking/Demos/DemoSlotRacer/Kenney Assets/Stylized city/Materials/13 - Default54.mat
  artifactKey: Guid(831e4ea6beda02947bdca5aeb8543156) Importer(815301076,1909f56bfc062723c751e8b465ee728b)
Start importing Assets/Photon/PhotonUnityNetworking/Demos/DemoSlotRacer/Kenney Assets/Stylized city/Materials/13 - Default54.mat using Guid(831e4ea6beda02947bdca5aeb8543156) Importer(815301076,1909f56bfc062723c751e8b465ee728b)  -> (artifact id: '077b775ff34eaec1b3805b66a49892d0') in 0.033763 seconds
  Import took 0.039426 seconds .

========================================================================
Received Import Request.
  Time since last request: 0.000307 seconds.
  path: Assets/Photon/PhotonUnityNetworking/Demos/DemoSlotRacer/Kenney Assets/Stylized city/Materials/13 - Default.mat
  artifactKey: Guid(b957742c5b9bfd441b9b330c8b55d0c5) Importer(815301076,1909f56bfc062723c751e8b465ee728b)
Start importing Assets/Photon/PhotonUnityNetworking/Demos/DemoSlotRacer/Kenney Assets/Stylized city/Materials/13 - Default.mat using Guid(b957742c5b9bfd441b9b330c8b55d0c5) Importer(815301076,1909f56bfc062723c751e8b465ee728b)  -> (artifact id: '97ad20288c817cebb61ac86d9a3c36b3') in 0.031356 seconds
  Import took 0.038327 seconds .

========================================================================
Received Import Request.
  Time since last request: 0.000301 seconds.
  path: Assets/Photon/PhotonUnityNetworking/Demos/DemoSlotRacer/Kenney Assets/Stylized city/Materials/20 - Default.mat
  artifactKey: Guid(4e1a4e79a3548164da24123dbb0f3566) Importer(815301076,1909f56bfc062723c751e8b465ee728b)
Start importing Assets/Photon/PhotonUnityNetworking/Demos/DemoSlotRacer/Kenney Assets/Stylized city/Materials/20 - Default.mat using Guid(4e1a4e79a3548164da24123dbb0f3566) Importer(815301076,1909f56bfc062723c751e8b465ee728b)  -> (artifact id: '2aa38fd0862c64b548319d44384ee8f7') in 0.032313 seconds
  Import took 0.037749 seconds .

========================================================================
Received Import Request.
  Time since last request: 0.000294 seconds.
  path: Assets/Photon/PhotonUnityNetworking/Demos/DemoSlotRacer/Kenney Assets/Stylized city/Materials/24 - Default.mat
  artifactKey: Guid(c14837dfa515883428e5652d93e80c72) Importer(815301076,1909f56bfc062723c751e8b465ee728b)
Start importing Assets/Photon/PhotonUnityNetworking/Demos/DemoSlotRacer/Kenney Assets/Stylized city/Materials/24 - Default.mat using Guid(c14837dfa515883428e5652d93e80c72) Importer(815301076,1909f56bfc062723c751e8b465ee728b)  -> (artifact id: 'a1d0f48ee061985f313540e15ce20dcf') in 0.034070 seconds
  Import took 0.039930 seconds .

========================================================================
Received Import Request.
  Time since last request: 0.000282 seconds.
  path: Assets/Photon/PhotonUnityNetworking/Demos/DemoSlotRacer/Kenney Assets/Stylized city/Materials/22 - Default.mat
  artifactKey: Guid(86080a783905b5740ad2b81f63a2c650) Importer(815301076,1909f56bfc062723c751e8b465ee728b)
Start importing Assets/Photon/PhotonUnityNetworking/Demos/DemoSlotRacer/Kenney Assets/Stylized city/Materials/22 - Default.mat using Guid(86080a783905b5740ad2b81f63a2c650) Importer(815301076,1909f56bfc062723c751e8b465ee728b)  -> (artifact id: 'a6b7b1739e13936359a934383cf8360c') in 0.031042 seconds
  Import took 0.037213 seconds .

========================================================================
Received Import Request.
  Time since last request: 18.784109 seconds.
  path: Assets/Photon/PhotonLibs
  artifactKey: Guid(ee1734b1a7bac244bb5f15ecd778b5f2) Importer(815301076,1909f56bfc062723c751e8b465ee728b)
Start importing Assets/Photon/PhotonLibs using Guid(ee1734b1a7bac244bb5f15ecd778b5f2) Importer(815301076,1909f56bfc062723c751e8b465ee728b)  -> (artifact id: '0068dc4c85855c68755be92bb33ddb03') in 0.021257 seconds
  Import took 0.027059 seconds .

========================================================================
Received Import Request.
  Time since last request: 0.590185 seconds.
  path: Assets/Photon/PhotonChat
  artifactKey: Guid(ea05e6479d592944d955c2a5e1a6d6f1) Importer(815301076,1909f56bfc062723c751e8b465ee728b)
Start importing Assets/Photon/PhotonChat using Guid(ea05e6479d592944d955c2a5e1a6d6f1) Importer(815301076,1909f56bfc062723c751e8b465ee728b)  -> (artifact id: '7d78dd7a07d3c9be531694f36ccd5b07') in 0.019404 seconds
  Import took 0.024660 seconds .

========================================================================
Received Import Request.
  Time since last request: 5.556055 seconds.
  path: Assets/Photon/PhotonUnityNetworking/Code/LobbyController.cs
  artifactKey: Guid(b3cb8c354b634fa4ea85082674a91557) Importer(815301076,1909f56bfc062723c751e8b465ee728b)
Start importing Assets/Photon/PhotonUnityNetworking/Code/LobbyController.cs using Guid(b3cb8c354b634fa4ea85082674a91557) Importer(815301076,1909f56bfc062723c751e8b465ee728b)  -> (artifact id: '020cd765dd61ed8eab9bcea32c9a7e38') in 0.029543 seconds
  Import took 0.035781 seconds .

========================================================================
Received Import Request.
  Time since last request: 0.001979 seconds.
  path: Assets/Photon/PhotonUnityNetworking/Code/LobbyController.cs
  artifactKey: Guid(b3cb8c354b634fa4ea85082674a91557) Importer(815301076,1909f56bfc062723c751e8b465ee728b)
Start importing Assets/Photon/PhotonUnityNetworking/Code/LobbyController.cs using Guid(b3cb8c354b634fa4ea85082674a91557) Importer(815301076,1909f56bfc062723c751e8b465ee728b)  -> (artifact id: '020cd765dd61ed8eab9bcea32c9a7e38') in 0.004881 seconds
  Import took 0.010731 seconds .

========================================================================
Received Import Request.
  Time since last request: 44.964894 seconds.
  path: Assets/Photon/PhotonUnityNetworking/Code/LobbyController.cs
  artifactKey: Guid(b3cb8c354b634fa4ea85082674a91557) Importer(815301076,1909f56bfc062723c751e8b465ee728b)
Start importing Assets/Photon/PhotonUnityNetworking/Code/LobbyController.cs using Guid(b3cb8c354b634fa4ea85082674a91557) Importer(815301076,1909f56bfc062723c751e8b465ee728b)  -> (artifact id: '85986a132c749ea0e5c12b9af64e9998') in 0.005330 seconds
  Import took 0.015373 seconds .

========================================================================
Received Prepare
Registering precompiled user dll's ...
Registered in 0.019368 seconds.
Begin MonoManager ReloadAssembly
Native extension for WindowsStandalone target not found
Native extension for WebGL target not found
Refreshing native plugins compatible for Editor in 0.73 ms, found 1 plugins.
Preloading 0 native plugins for Editor in 0.00 ms.
Mono: successfully reloaded assembly
- Completed reload, in  2.226 seconds
Platform modules already initialized, skipping
Refreshing native plugins compatible for Editor in 0.53 ms, found 1 plugins.
Preloading 0 native plugins for Editor in 0.00 ms.
Unloading 2036 Unused Serialized files (Serialized files now loaded: 0)
System memory in use before: 101.6 MB.
System memory in use after: 101.6 MB.

Unloading 17 unused Assets to reduce memory usage. Loaded Objects now: 2542.
Total: 2.951400 ms (FindLiveObjects: 0.277600 ms CreateObjectMapping: 0.064800 ms MarkObjects: 2.342500 ms  DeleteObjects: 0.240100 ms)

========================================================================
Received Import Request.
  Time since last request: 58.491513 seconds.
  path: Assets/Photon/PhotonUnityNetworking/Code/LobbyController.cs
  artifactKey: Guid(b3cb8c354b634fa4ea85082674a91557) Importer(815301076,1909f56bfc062723c751e8b465ee728b)
Start importing Assets/Photon/PhotonUnityNetworking/Code/LobbyController.cs using Guid(b3cb8c354b634fa4ea85082674a91557) Importer(815301076,1909f56bfc062723c751e8b465ee728b)  -> (artifact id: '4e89ca97ea81fff19831a778621427d4') in 0.007951 seconds
  Import took 0.013296 seconds .

========================================================================
Received Import Request.
  Time since last request: 0.463915 seconds.
  path: Assets/SelectMenuYes.cs
  artifactKey: Guid(206998316128b3447be01d510859a508) Importer(815301076,1909f56bfc062723c751e8b465ee728b)
Start importing Assets/SelectMenuYes.cs using Guid(206998316128b3447be01d510859a508) Importer(815301076,1909f56bfc062723c751e8b465ee728b)  -> (artifact id: 'e8442f4ee0352acc4335ab7d4b8657a1') in 0.010375 seconds
  Import took 0.016053 seconds .

========================================================================
Received Import Request.
  Time since last request: 0.001911 seconds.
  path: Assets/SelectMenuYes.cs
  artifactKey: Guid(206998316128b3447be01d510859a508) Importer(815301076,1909f56bfc062723c751e8b465ee728b)
Start importing Assets/SelectMenuYes.cs using Guid(206998316128b3447be01d510859a508) Importer(815301076,1909f56bfc062723c751e8b465ee728b)  -> (artifact id: 'e8442f4ee0352acc4335ab7d4b8657a1') in 0.004930 seconds
  Import took 0.010139 seconds .

========================================================================
Received Prepare
Registering precompiled user dll's ...
Registered in 0.004022 seconds.
Begin MonoManager ReloadAssembly
Native extension for WindowsStandalone target not found
Native extension for WebGL target not found
Refreshing native plugins compatible for Editor in 0.56 ms, found 1 plugins.
Preloading 0 native plugins for Editor in 0.00 ms.
Mono: successfully reloaded assembly
- Completed reload, in  1.375 seconds
Platform modules already initialized, skipping
Refreshing native plugins compatible for Editor in 0.56 ms, found 1 plugins.
Preloading 0 native plugins for Editor in 0.00 ms.
Unloading 2036 Unused Serialized files (Serialized files now loaded: 0)
System memory in use before: 101.7 MB.
System memory in use after: 101.6 MB.

Unloading 17 unused Assets to reduce memory usage. Loaded Objects now: 2547.
Total: 4.098200 ms (FindLiveObjects: 0.699600 ms CreateObjectMapping: 0.128300 ms MarkObjects: 3.069800 ms  DeleteObjects: 0.197700 ms)

========================================================================
Received Prepare
Refreshing native plugins compatible for Editor in 5.79 ms, found 1 plugins.
Preloading 0 native plugins for Editor in 0.00 ms.
Unloading 15 Unused Serialized files (Serialized files now loaded: 0)
System memory in use before: 61.7 MB.
System memory in use after: 61.7 MB.

Unloading 15 unused Assets to reduce memory usage. Loaded Objects now: 2547.
Total: 4.084100 ms (FindLiveObjects: 1.145900 ms CreateObjectMapping: 0.164400 ms MarkObjects: 2.592400 ms  DeleteObjects: 0.178900 ms)

